<?xml version="1.0" encoding="UTF-8"?>
<!-- Generated by org.testng.reporters.JUnitReportReporter -->
<testsuite hostname="sudhanshu" name="ecommerce.testing.testcases.TC_2_GetStores" tests="1" failures="0" timestamp="20 Jun 2021 09:23:07 GMT" time="31.911" errors="0">
  <testcase name="initiating_TC_2_GetStore" time="31.911" classname="ecommerce.testing.testcases.TC_2_GetStores"/>
</testsuite> <!-- ecommerce.testing.testcases.TC_2_GetStores -->
