<?xml version="1.0" encoding="UTF-8"?>
<!-- Generated by org.testng.reporters.JUnitReportReporter -->
<<<<<<< HEAD
<testsuite hostname="sudhanshu" name="ecommerce.testing.testcases.TC_1_GetProduct" tests="1" failures="0" timestamp="19 Jun 2021 14:16:33 GMT" time="37.489" errors="0">
  <testcase name="initiating_TC_1_GetProduct" time="37.489" classname="ecommerce.testing.testcases.TC_1_GetProduct"/>
=======
<testsuite hostname="sudhanshu" name="ecommerce.testing.testcases.TC_1_GetProduct" tests="1" failures="0" timestamp="20 Jun 2021 09:23:07 GMT" time="32.947" errors="0">
  <testcase name="initiating_TC_1_GetProduct" time="32.947" classname="ecommerce.testing.testcases.TC_1_GetProduct"/>
>>>>>>> branch 'master' of https://github.com/sudhanshu-Q/Ecommerce_RestAPI.git
</testsuite> <!-- ecommerce.testing.testcases.TC_1_GetProduct -->
