<?xml version="1.0" encoding="UTF-8"?>
<!-- Generated by org.testng.reporters.JUnitReportReporter -->
<testsuite hostname="sudhanshu" name="ecommerce.testing.testcases.TC_2_GetStores" tests="1" failures="0" timestamp="19 Jun 2021 14:16:33 GMT" time="17.397" errors="0">
  <testcase name="initiating_TC_2_GetStore" time="17.397" classname="ecommerce.testing.testcases.TC_2_GetStores"/>
</testsuite> <!-- ecommerce.testing.testcases.TC_2_GetStores -->
