<?xml version="1.0" encoding="UTF-8"?>
<!-- Generated by org.testng.reporters.JUnitReportReporter -->
<<<<<<< HEAD
<testsuite hostname="sudhanshu" name="ecommerce.testing.testcases.TC_2_GetStores" tests="1" failures="0" timestamp="19 Jun 2021 14:16:33 GMT" time="17.397" errors="0">
  <testcase name="initiating_TC_2_GetStore" time="17.397" classname="ecommerce.testing.testcases.TC_2_GetStores"/>
=======
<testsuite hostname="sudhanshu" name="ecommerce.testing.testcases.TC_2_GetStores" tests="1" failures="0" timestamp="20 Jun 2021 09:23:07 GMT" time="31.911" errors="0">
  <testcase name="initiating_TC_2_GetStore" time="31.911" classname="ecommerce.testing.testcases.TC_2_GetStores"/>
>>>>>>> branch 'master' of https://github.com/sudhanshu-Q/Ecommerce_RestAPI.git
</testsuite> <!-- ecommerce.testing.testcases.TC_2_GetStores -->
