<?xml version="1.0" encoding="UTF-8"?>
<!-- Generated by org.testng.reporters.JUnitReportReporter -->
<testsuite hostname="sudhanshu" name="ecommerce.testing.testcases.TC_1_GetProduct" tests="1" failures="0" timestamp="20 Jun 2021 09:23:07 GMT" time="32.947" errors="0">
  <testcase name="initiating_TC_1_GetProduct" time="32.947" classname="ecommerce.testing.testcases.TC_1_GetProduct"/>
</testsuite> <!-- ecommerce.testing.testcases.TC_1_GetProduct -->
