<?xml version="1.0" encoding="UTF-8"?>
<!-- Generated by org.testng.reporters.JUnitReportReporter -->
<testsuite hostname="sudhanshu" name="ecommerce.testing.testcases.TC_1_GetProduct" tests="1" failures="0" timestamp="17 Jun 2021 16:04:48 GMT" time="44.939" errors="0">
  <testcase name="initiating_TC_1_GetProduct" time="44.939" classname="ecommerce.testing.testcases.TC_1_GetProduct"/>
</testsuite> <!-- ecommerce.testing.testcases.TC_1_GetProduct -->
